TN:
SF:script/MyERC20.s.sol
FN:8,DeployMyERC20.run
FNDA:1,DeployMyERC20.run
DA:9,1
DA:9,1
DA:10,1
DA:10,1
DA:10,1
DA:11,1
DA:11,1
DA:12,1
DA:12,1
DA:12,1
FNF:1
FNH:1
LF:4
LH:4
BRF:0
BRH:0
end_of_record
TN:
SF:src/MyERC20.sol
FN:10,MyERC20.mint
FNDA:5,MyERC20.mint
DA:11,5
DA:11,5
FNF:1
FNH:1
LF:1
LH:1
BRF:0
BRH:0
end_of_record
TN:
SF:src/NFTWithERC20Payment.sol
FN:25,NFTWithERC20Payment.mint
FNDA:6,NFTWithERC20Payment.mint
DA:26,6
DA:26,6
DA:32,4
DA:32,4
DA:32,4
DA:33,4
DA:33,4
DA:35,4
DA:35,4
DA:37,4
DA:37,4
FN:40,NFTWithERC20Payment.withdrawPayment
FNDA:3,NFTWithERC20Payment.withdrawPayment
DA:41,1
DA:41,1
FNF:2
FNH:2
LF:6
LH:6
BRF:0
BRH:0
end_of_record
